<?xml version="1.0" encoding="UTF-8"?>
<testng-results skipped="0" failed="0" ignored="0" total="4" passed="4">
  <reporter-output>
  </reporter-output>
  <suite name="IntegrationTools" duration-ms="309" started-at="2022-07-30T20:42:32 IST" finished-at="2022-07-30T20:42:33 IST">
    <groups>
    </groups>
    <test name="Test" duration-ms="309" started-at="2022-07-30T20:42:32 IST" finished-at="2022-07-30T20:42:33 IST">
      <class name="qaclickacademy.Mavenjava.RestAPITest">
        <test-method status="PASS" signature="Debug()[pri:0, instance:qaclickacademy.Mavenjava.RestAPITest@1f554b06]" name="Debug" duration-ms="35" started-at="2022-07-30T20:42:32 IST" finished-at="2022-07-30T20:42:32 IST">
          <reporter-output>
          </reporter-output>
        </test-method> <!-- Debug -->
        <test-method status="PASS" signature="DeleteTwitter()[pri:0, instance:qaclickacademy.Mavenjava.RestAPITest@1f554b06]" name="DeleteTwitter" duration-ms="1" started-at="2022-07-30T20:42:32 IST" finished-at="2022-07-30T20:42:32 IST">
          <reporter-output>
          </reporter-output>
        </test-method> <!-- DeleteTwitter -->
      </class> <!-- qaclickacademy.Mavenjava.RestAPITest -->
      <class name="qaclickacademy.Mavenjava.SeleniumTest">
        <test-method status="PASS" signature="BrowserAutomation()[pri:0, instance:qaclickacademy.Mavenjava.SeleniumTest@694e1548]" name="BrowserAutomation" duration-ms="1" started-at="2022-07-30T20:42:32 IST" finished-at="2022-07-30T20:42:32 IST">
          <reporter-output>
          </reporter-output>
        </test-method> <!-- BrowserAutomation -->
        <test-method status="PASS" signature="elementUi()[pri:0, instance:qaclickacademy.Mavenjava.SeleniumTest@694e1548]" name="elementUi" duration-ms="8" started-at="2022-07-30T20:42:32 IST" finished-at="2022-07-30T20:42:32 IST">
          <reporter-output>
          </reporter-output>
        </test-method> <!-- elementUi -->
      </class> <!-- qaclickacademy.Mavenjava.SeleniumTest -->
    </test> <!-- Test -->
  </suite> <!-- IntegrationTools -->
</testng-results>
