<?xml version="1.0" encoding="UTF-8"?>
<!-- Generated by org.testng.reporters.JUnitXMLReporter -->
<testsuite ignored="0" hostname="DESKTOP-F6MBNBT" failures="0" tests="6" name="Test" time="0.417" errors="0" timestamp="2022-07-30T20:12:58 IST">
  <testcase classname="qaclickacademy.Mavenjava.RestAPITest" name="Debug" time="0.069"/>
  <testcase classname="qaclickacademy.Mavenjava.RestAPITest" name="DeleteTwitter" time="0.004"/>
  <testcase classname="qaclickacademy.Mavenjava.AppiumTest" name="MobileApp" time="0.01"/>
  <testcase classname="qaclickacademy.Mavenjava.AppiumTest" name="UxApp" time="0.006"/>
  <testcase classname="qaclickacademy.Mavenjava.SeleniumTest" name="BrowserAutomation" time="0.016"/>
  <testcase classname="qaclickacademy.Mavenjava.SeleniumTest" name="elementUi" time="0.021"/>
</testsuite> <!-- Test -->
