<?xml version="1.0" encoding="UTF-8"?>
<testng-results ignored="0" total="6" passed="6" failed="0" skipped="0">
  <reporter-output>
  </reporter-output>
  <suite started-at="2022-07-30T20:12:57 IST" name="IntegrationTools" finished-at="2022-07-30T20:12:58 IST" duration-ms="417">
    <groups>
    </groups>
    <test started-at="2022-07-30T20:12:57 IST" name="Test" finished-at="2022-07-30T20:12:58 IST" duration-ms="417">
      <class name="qaclickacademy.Mavenjava.RestAPITest">
        <test-method signature="Debug()[pri:0, instance:qaclickacademy.Mavenjava.RestAPITest@3f6b0be5]" started-at="2022-07-30T20:12:58 IST" name="Debug" finished-at="2022-07-30T20:12:58 IST" duration-ms="69" status="PASS">
          <reporter-output>
          </reporter-output>
        </test-method> <!-- Debug -->
        <test-method signature="DeleteTwitter()[pri:0, instance:qaclickacademy.Mavenjava.RestAPITest@3f6b0be5]" started-at="2022-07-30T20:12:58 IST" name="DeleteTwitter" finished-at="2022-07-30T20:12:58 IST" duration-ms="4" status="PASS">
          <reporter-output>
          </reporter-output>
        </test-method> <!-- DeleteTwitter -->
      </class> <!-- qaclickacademy.Mavenjava.RestAPITest -->
      <class name="qaclickacademy.Mavenjava.AppiumTest">
        <test-method signature="MobileApp()[pri:0, instance:qaclickacademy.Mavenjava.AppiumTest@209da20d]" started-at="2022-07-30T20:12:58 IST" name="MobileApp" finished-at="2022-07-30T20:12:58 IST" duration-ms="10" status="PASS">
          <reporter-output>
          </reporter-output>
        </test-method> <!-- MobileApp -->
        <test-method signature="UxApp()[pri:0, instance:qaclickacademy.Mavenjava.AppiumTest@209da20d]" started-at="2022-07-30T20:12:58 IST" name="UxApp" finished-at="2022-07-30T20:12:58 IST" duration-ms="6" status="PASS">
          <reporter-output>
          </reporter-output>
        </test-method> <!-- UxApp -->
      </class> <!-- qaclickacademy.Mavenjava.AppiumTest -->
      <class name="qaclickacademy.Mavenjava.SeleniumTest">
        <test-method signature="BrowserAutomation()[pri:0, instance:qaclickacademy.Mavenjava.SeleniumTest@e15b7e8]" started-at="2022-07-30T20:12:58 IST" name="BrowserAutomation" finished-at="2022-07-30T20:12:58 IST" duration-ms="16" status="PASS">
          <reporter-output>
          </reporter-output>
        </test-method> <!-- BrowserAutomation -->
        <test-method signature="elementUi()[pri:0, instance:qaclickacademy.Mavenjava.SeleniumTest@e15b7e8]" started-at="2022-07-30T20:12:58 IST" name="elementUi" finished-at="2022-07-30T20:12:58 IST" duration-ms="21" status="PASS">
          <reporter-output>
          </reporter-output>
        </test-method> <!-- elementUi -->
      </class> <!-- qaclickacademy.Mavenjava.SeleniumTest -->
    </test> <!-- Test -->
  </suite> <!-- IntegrationTools -->
</testng-results>
