<?xml version="1.0" encoding="UTF-8"?>
<!-- Generated by org.testng.reporters.JUnitXMLReporter -->
<testsuite hostname="DESKTOP-F6MBNBT" ignored="0" name="Test" tests="4" failures="0" timestamp="2022-07-30T20:42:33 IST" time="0.309" errors="0">
  <testcase name="Debug" time="0.035" classname="qaclickacademy.Mavenjava.RestAPITest"/>
  <testcase name="DeleteTwitter" time="0.001" classname="qaclickacademy.Mavenjava.RestAPITest"/>
  <testcase name="BrowserAutomation" time="0.001" classname="qaclickacademy.Mavenjava.SeleniumTest"/>
  <testcase name="elementUi" time="0.008" classname="qaclickacademy.Mavenjava.SeleniumTest"/>
</testsuite> <!-- Test -->
